<?xml version="1.0" encoding="UTF-8" ?>
<testsuite errors="0" failures="0" hostname="raum10pc01" name="org.javacream.books.warehouse.business.ok.MapBooksServiceFindTest" tests="4" time="0.047" timestamp="2012-03-06T10:00:51">
  <properties>
    <property name="java.vendor" value="Oracle Corporation" />
    <property name="sun.java.launcher" value="SUN_STANDARD" />
    <property name="eclipse.pdebuild.templates" value="/C:/_training/tools/eclipse/plugins/org.eclipse.pde.build_3.7.0.v20110512-1320/templates/" />
    <property name="sun.management.compiler" value="HotSpot Client Compiler" />
    <property name="os.name" value="Windows XP" />
    <property name="sun.boot.class.path" value="C:\Programme\Java\jre7\lib\resources.jar;C:\Programme\Java\jre7\lib\rt.jar;C:\Programme\Java\jre7\lib\sunrsasign.jar;C:\Programme\Java\jre7\lib\jsse.jar;C:\Programme\Java\jre7\lib\jce.jar;C:\Programme\Java\jre7\lib\charsets.jar;C:\Programme\Java\jre7\classes" />
    <property name="sun.desktop" value="windows" />
    <property name="java.vm.specification.vendor" value="Oracle Corporation" />
    <property name="ant.home" value="C:\_training\tools\eclipse\plugins\org.apache.ant_1.8.2.v20110505-1300" />
    <property name="java.runtime.version" value="1.7.0-b147" />
    <property name="user.name" value="Administrator" />
    <property name="user.language" value="de" />
    <property name="sun.boot.library.path" value="C:\Programme\Java\jre7\bin" />
    <property name="ant.file.type.run junit tests" value="file" />
    <property name="ant.project.default-target" value="junit" />
    <property name="ant.project.name" value="run junit tests" />
    <property name="java.version" value="1.7.0" />
    <property name="user.timezone" value="" />
    <property name="sun.arch.data.model" value="32" />
    <property name="java.endorsed.dirs" value="C:\Programme\Java\jre7\lib\endorsed" />
    <property name="sun.cpu.isalist" value="pentium_pro+mmx pentium_pro pentium+mmx pentium i486 i386 i86" />
    <property name="sun.jnu.encoding" value="Cp1252" />
    <property name="file.encoding.pkg" value="sun.io" />
    <property name="file.separator" value="\" />
    <property name="java.specification.name" value="Java Platform API Specification" />
    <property name="classes.dir" value="bin" />
    <property name="java.class.version" value="51.0" />
    <property name="user.country" value="DE" />
    <property name="java.home" value="C:\Programme\Java\jre7" />
    <property name="java.vm.info" value="mixed mode, sharing" />
    <property name="ant.file" value="C:\_training\workspace\Testing\build\build-junit.xml" />
    <property name="os.version" value="5.1" />
    <property name="path.separator" value=";" />
    <property name="java.vm.version" value="21.0-b17" />
    <property name="report.dir" value="reports/junit" />
    <property name="user.variant" value="" />
    <property name="ant.library.dir" value="C:\_training\tools\eclipse\plugins\org.apache.ant_1.8.2.v20110505-1300\lib" />
    <property name="java.awt.printerjob" value="sun.awt.windows.WPrinterJob" />
    <property name="sun.io.unicode.encoding" value="UnicodeLittle" />
    <property name="awt.toolkit" value="sun.awt.windows.WToolkit" />
    <property name="user.script" value="" />
    <property name="eclipse.pdebuild.scripts" value="/C:/_training/tools/eclipse/plugins/org.eclipse.pde.build_3.7.0.v20110512-1320/scripts/" />
    <property name="user.home" value="C:\Dokumente und Einstellungen\Administrator" />
    <property name="java.specification.vendor" value="Oracle Corporation" />
    <property name="java.library.path" value="C:\Programme\Java\jre7\bin;C:\XPPRO\Sun\Java\bin;C:\XPPRO\system32;C:\XPPRO;C:/Programme/Java/jre7/bin/client;C:/Programme/Java/jre7/bin;C:/Programme/Java/jre7/lib/i386;.;C:\XPPRO\system32;C:\XPPRO;C:\XPPRO\System32\Wbem;C:\Programme\Java\jdk1.7.0\bin;C:\Programme\Java\jdk1.7.0\lib;C:\Programme\Java\jre7\lib;C:\Programme\Java\jre7\bin;C:\_training\tools\eclipse;;." />
    <property name="java.vendor.url" value="http://java.oracle.com/" />
    <property name="java.vm.vendor" value="Oracle Corporation" />
    <property name="java.runtime.name" value="Java(TM) SE Runtime Environment" />
    <property name="sun.java.command" value="org.apache.tools.ant.taskdefs.optional.junit.JUnitTestRunner org.javacream.books.warehouse.business.ok.MapBooksServiceFindTest filtertrace=true haltOnError=false haltOnFailure=false formatter=org.apache.tools.ant.taskdefs.optional.junit.SummaryJUnitResultFormatter showoutput=true outputtoformatters=true logfailedtests=true logtestlistenerevents=false formatter=org.apache.tools.ant.taskdefs.optional.junit.XMLJUnitResultFormatter,C:\_training\workspace\Testing\results\junit\TEST-org.javacream.books.warehouse.business.ok.MapBooksServiceFindTest.xml crashfile=C:\_training\workspace\Testing\junitvmwatcher3921584739608844676.properties propsfile=C:\_training\workspace\Testing\junit8256460552655595771.properties" />
    <property name="java.class.path" value="C:\_training\workspace\Testing\bin;C:\_training\tools\junit4.5\junit-4.5-src.jar;C:\_training\tools\junit4.5\junit-4.5.jar;C:\_training\tools\junit4.5\junit-dep-4.5.jar;C:\_training\tools\eclipse\plugins\org.apache.ant_1.8.2.v20110505-1300\lib\ant-launcher.jar;C:\_training\tools\eclipse\plugins\org.apache.ant_1.8.2.v20110505-1300\lib\ant.jar;C:\_training\tools\eclipse\plugins\org.apache.ant_1.8.2.v20110505-1300\lib\ant-junit.jar;C:\_training\tools\eclipse\plugins\org.apache.ant_1.8.2.v20110505-1300\lib\ant-junit4.jar" />
    <property name="ant.version" value="Apache Ant(TM) version 1.8.2 compiled on December 20 2010" />
    <property name="java.vm.specification.name" value="Java Virtual Machine Specification" />
    <property name="java.vm.specification.version" value="1.7" />
    <property name="sun.cpu.endian" value="little" />
    <property name="sun.os.patch.level" value="Service Pack 3" />
    <property name="eclipse.pdebuild.home" value="/C:/_training/tools/eclipse/plugins/org.eclipse.pde.build_3.7.0.v20110512-1320/./" />
    <property name="java.io.tmpdir" value="C:\DOKUME~1\ADMINI~1\LOKALE~1\Temp\" />
    <property name="java.vendor.url.bug" value="http://bugreport.sun.com/bugreport/" />
    <property name="os.arch" value="x86" />
    <property name="java.awt.graphicsenv" value="sun.awt.Win32GraphicsEnvironment" />
    <property name="java.ext.dirs" value="C:\Programme\Java\jre7\lib\ext;C:\XPPRO\Sun\Java\lib\ext" />
    <property name="user.dir" value="C:\_training\workspace\Testing\build" />
    <property name="line.separator" value="&#xd;&#xa;" />
    <property name="result.dir" value="results/junit" />
    <property name="java.vm.name" value="Java HotSpot(TM) Client VM" />
    <property name="basedir" value="C:\_training\workspace\Testing" />
    <property name="ant.java.version" value="1.7" />
    <property name="ant.core.lib" value="C:\_training\tools\eclipse\plugins\org.apache.ant_1.8.2.v20110505-1300\lib\ant.jar" />
    <property name="file.encoding" value="Cp1252" />
    <property name="ant.file.run junit tests" value="C:\_training\workspace\Testing\build\build-junit.xml" />
    <property name="java.specification.version" value="1.7" />
    <property name="ant.project.invoked-targets" value="junit" />
    <property name="tools.dir" value="../../tools" />
  </properties>
  <testcase classname="org.javacream.books.warehouse.business.ok.MapBooksServiceFindTest" name="testNullTitle" time="0.0" />
  <testcase classname="org.javacream.books.warehouse.business.ok.MapBooksServiceFindTest" name="testNullIsbn" time="0.0" />
  <testcase classname="org.javacream.books.warehouse.business.ok.MapBooksServiceFindTest" name="testFindBookByIsbn" time="0.0" />
  <testcase classname="org.javacream.books.warehouse.business.ok.MapBooksServiceFindTest" name="testUnknownIsbn" time="0.0" />
  <system-out><![CDATA[]]></system-out>
  <system-err><![CDATA[]]></system-err>
</testsuite>
